[2020-12-17 12:37:50] local.ERROR: Please provide a valid cache path. {"exception":"[object] (InvalidArgumentException(code: 0): Please provide a valid cache path. at C:\\Users\\joelr\\ProjectBali_V2\\project_bali_app\\vendor\\laravel\\framework\\src\\Illuminate\\View\\Compilers\\Compiler.php:36)
[stacktrace]
#0 C:\\Users\\joelr\\ProjectBali_V2\\project_bali_app\\vendor\\laravel\\framework\\src\\Illuminate\\View\\ViewServiceProvider.php(88): Illuminate\\View\\Compilers\\Compiler->__construct(Object(Illuminate\\Filesystem\\Filesystem), false)
#1 C:\\Users\\joelr\\ProjectBali_V2\\project_bali_app\\vendor\\laravel\\framework\\src\\Illuminate\\Container\\Container.php(826): Illuminate\\View\\ViewServiceProvider->Illuminate\\View\\{closure}(Object(Illuminate\\Foundation\\Application), Array)
#2 C:\\Users\\joelr\\ProjectBali_V2\\project_bali_app\\vendor\\laravel\\framework\\src\\Illuminate\\Container\\Container.php(712): Illuminate\\Container\\Container->build(Object(Closure))
#3 C:\\Users\\joelr\\ProjectBali_V2\\project_bali_app\\vendor\\laravel\\framework\\src\\Illuminate\\Foundation\\Application.php(796): Illuminate\\Container\\Container->resolve('blade.compiler', Array, true)
#4 C:\\Users\\joelr\\ProjectBali_V2\\project_bali_app\\vendor\\laravel\\framework\\src\\Illuminate\\Container\\Container.php(651): Illuminate\\Foundation\\Application->resolve('blade.compiler', Array)
#5 C:\\Users\\joelr\\ProjectBali_V2\\project_bali_app\\vendor\\laravel\\framework\\src\\Illuminate\\Foundation\\Application.php(781): Illuminate\\Container\\Container->make('blade.compiler', Array)
#6 C:\\Users\\joelr\\ProjectBali_V2\\project_bali_app\\vendor\\laravel\\framework\\src\\Illuminate\\Container\\Container.php(1354): Illuminate\\Foundation\\Application->make('blade.compiler')
#7 C:\\Users\\joelr\\ProjectBali_V2\\project_bali_app\\vendor\\laravel\\framework\\src\\Illuminate\\View\\ViewServiceProvider.php(150): Illuminate\\Container\\Container->offsetGet('blade.compiler')
#8 [internal function]: Illuminate\\View\\ViewServiceProvider->Illuminate\\View\\{closure}()
#9 C:\\Users\\joelr\\ProjectBali_V2\\project_bali_app\\vendor\\laravel\\framework\\src\\Illuminate\\View\\Engines\\EngineResolver.php(55): call_user_func(Object(Closure))
#10 C:\\Users\\joelr\\ProjectBali_V2\\project_bali_app\\vendor\\facade\\ignition\\src\\IgnitionServiceProvider.php(393): Illuminate\\View\\Engines\\EngineResolver->resolve('blade')
#11 C:\\Users\\joelr\\ProjectBali_V2\\project_bali_app\\vendor\\facade\\ignition\\src\\IgnitionServiceProvider.php(125): Facade\\Ignition\\IgnitionServiceProvider->hasCustomViewEnginesRegistered()
#12 C:\\Users\\joelr\\ProjectBali_V2\\project_bali_app\\vendor\\facade\\ignition\\src\\IgnitionServiceProvider.php(84): Facade\\Ignition\\IgnitionServiceProvider->registerViewEngines()
#13 C:\\Users\\joelr\\ProjectBali_V2\\project_bali_app\\vendor\\laravel\\framework\\src\\Illuminate\\Container\\BoundMethod.php(36): Facade\\Ignition\\IgnitionServiceProvider->boot()
#14 C:\\Users\\joelr\\ProjectBali_V2\\project_bali_app\\vendor\\laravel\\framework\\src\\Illuminate\\Container\\Util.php(40): Illuminate\\Container\\BoundMethod::Illuminate\\Container\\{closure}()
#15 C:\\Users\\joelr\\ProjectBali_V2\\project_bali_app\\vendor\\laravel\\framework\\src\\Illuminate\\Container\\BoundMethod.php(93): Illuminate\\Container\\Util::unwrapIfClosure(Object(Closure))
#16 C:\\Users\\joelr\\ProjectBali_V2\\project_bali_app\\vendor\\laravel\\framework\\src\\Illuminate\\Container\\BoundMethod.php(37): Illuminate\\Container\\BoundMethod::callBoundMethod(Object(Illuminate\\Foundation\\Application), Array, Object(Closure))
#17 C:\\Users\\joelr\\ProjectBali_V2\\project_bali_app\\vendor\\laravel\\framework\\src\\Illuminate\\Container\\Container.php(610): Illuminate\\Container\\BoundMethod::call(Object(Illuminate\\Foundation\\Application), Array, Array, NULL)
#18 C:\\Users\\joelr\\ProjectBali_V2\\project_bali_app\\vendor\\laravel\\framework\\src\\Illuminate\\Foundation\\Application.php(869): Illuminate\\Container\\Container->call(Array)
#19 C:\\Users\\joelr\\ProjectBali_V2\\project_bali_app\\vendor\\laravel\\framework\\src\\Illuminate\\Foundation\\Application.php(850): Illuminate\\Foundation\\Application->bootProvider(Object(Facade\\Ignition\\IgnitionServiceProvider))
#20 [internal function]: Illuminate\\Foundation\\Application->Illuminate\\Foundation\\{closure}(Object(Facade\\Ignition\\IgnitionServiceProvider), 14)
#21 C:\\Users\\joelr\\ProjectBali_V2\\project_bali_app\\vendor\\laravel\\framework\\src\\Illuminate\\Foundation\\Application.php(851): array_walk(Array, Object(Closure))
#22 C:\\Users\\joelr\\ProjectBali_V2\\project_bali_app\\vendor\\laravel\\framework\\src\\Illuminate\\Foundation\\Bootstrap\\BootProviders.php(17): Illuminate\\Foundation\\Application->boot()
#23 C:\\Users\\joelr\\ProjectBali_V2\\project_bali_app\\vendor\\laravel\\framework\\src\\Illuminate\\Foundation\\Application.php(230): Illuminate\\Foundation\\Bootstrap\\BootProviders->bootstrap(Object(Illuminate\\Foundation\\Application))
#24 C:\\Users\\joelr\\ProjectBali_V2\\project_bali_app\\vendor\\laravel\\framework\\src\\Illuminate\\Foundation\\Http\\Kernel.php(152): Illuminate\\Foundation\\Application->bootstrapWith(Array)
#25 C:\\Users\\joelr\\ProjectBali_V2\\project_bali_app\\vendor\\laravel\\framework\\src\\Illuminate\\Foundation\\Http\\Kernel.php(136): Illuminate\\Foundation\\Http\\Kernel->bootstrap()
#26 C:\\Users\\joelr\\ProjectBali_V2\\project_bali_app\\vendor\\laravel\\framework\\src\\Illuminate\\Foundation\\Http\\Kernel.php(110): Illuminate\\Foundation\\Http\\Kernel->sendRequestThroughRouter(Object(Illuminate\\Http\\Request))
#27 C:\\Users\\joelr\\ProjectBali_V2\\project_bali_app\\public\\index.php(52): Illuminate\\Foundation\\Http\\Kernel->handle(Object(Illuminate\\Http\\Request))
#28 C:\\Users\\joelr\\ProjectBali_V2\\project_bali_app\\server.php(21): require_once('C:\\\\Users\\\\joelr\\\\...')
#29 {main}
"} 
[2020-12-17 12:38:03] local.ERROR: Please provide a valid cache path. {"exception":"[object] (InvalidArgumentException(code: 0): Please provide a valid cache path. at C:\\Users\\joelr\\ProjectBali_V2\\project_bali_app\\vendor\\laravel\\framework\\src\\Illuminate\\View\\Compilers\\Compiler.php:36)
[stacktrace]
#0 C:\\Users\\joelr\\ProjectBali_V2\\project_bali_app\\vendor\\laravel\\framework\\src\\Illuminate\\View\\ViewServiceProvider.php(88): Illuminate\\View\\Compilers\\Compiler->__construct(Object(Illuminate\\Filesystem\\Filesystem), false)
#1 C:\\Users\\joelr\\ProjectBali_V2\\project_bali_app\\vendor\\laravel\\framework\\src\\Illuminate\\Container\\Container.php(826): Illuminate\\View\\ViewServiceProvider->Illuminate\\View\\{closure}(Object(Illuminate\\Foundation\\Application), Array)
#2 C:\\Users\\joelr\\ProjectBali_V2\\project_bali_app\\vendor\\laravel\\framework\\src\\Illuminate\\Container\\Container.php(712): Illuminate\\Container\\Container->build(Object(Closure))
#3 C:\\Users\\joelr\\ProjectBali_V2\\project_bali_app\\vendor\\laravel\\framework\\src\\Illuminate\\Foundation\\Application.php(796): Illuminate\\Container\\Container->resolve('blade.compiler', Array, true)
#4 C:\\Users\\joelr\\ProjectBali_V2\\project_bali_app\\vendor\\laravel\\framework\\src\\Illuminate\\Container\\Container.php(651): Illuminate\\Foundation\\Application->resolve('blade.compiler', Array)
#5 C:\\Users\\joelr\\ProjectBali_V2\\project_bali_app\\vendor\\laravel\\framework\\src\\Illuminate\\Foundation\\Application.php(781): Illuminate\\Container\\Container->make('blade.compiler', Array)
#6 C:\\Users\\joelr\\ProjectBali_V2\\project_bali_app\\vendor\\laravel\\framework\\src\\Illuminate\\Container\\Container.php(1354): Illuminate\\Foundation\\Application->make('blade.compiler')
#7 C:\\Users\\joelr\\ProjectBali_V2\\project_bali_app\\vendor\\laravel\\framework\\src\\Illuminate\\View\\ViewServiceProvider.php(150): Illuminate\\Container\\Container->offsetGet('blade.compiler')
#8 [internal function]: Illuminate\\View\\ViewServiceProvider->Illuminate\\View\\{closure}()
#9 C:\\Users\\joelr\\ProjectBali_V2\\project_bali_app\\vendor\\laravel\\framework\\src\\Illuminate\\View\\Engines\\EngineResolver.php(55): call_user_func(Object(Closure))
#10 C:\\Users\\joelr\\ProjectBali_V2\\project_bali_app\\vendor\\facade\\ignition\\src\\IgnitionServiceProvider.php(393): Illuminate\\View\\Engines\\EngineResolver->resolve('blade')
#11 C:\\Users\\joelr\\ProjectBali_V2\\project_bali_app\\vendor\\facade\\ignition\\src\\IgnitionServiceProvider.php(125): Facade\\Ignition\\IgnitionServiceProvider->hasCustomViewEnginesRegistered()
#12 C:\\Users\\joelr\\ProjectBali_V2\\project_bali_app\\vendor\\facade\\ignition\\src\\IgnitionServiceProvider.php(84): Facade\\Ignition\\IgnitionServiceProvider->registerViewEngines()
#13 C:\\Users\\joelr\\ProjectBali_V2\\project_bali_app\\vendor\\laravel\\framework\\src\\Illuminate\\Container\\BoundMethod.php(36): Facade\\Ignition\\IgnitionServiceProvider->boot()
#14 C:\\Users\\joelr\\ProjectBali_V2\\project_bali_app\\vendor\\laravel\\framework\\src\\Illuminate\\Container\\Util.php(40): Illuminate\\Container\\BoundMethod::Illuminate\\Container\\{closure}()
#15 C:\\Users\\joelr\\ProjectBali_V2\\project_bali_app\\vendor\\laravel\\framework\\src\\Illuminate\\Container\\BoundMethod.php(93): Illuminate\\Container\\Util::unwrapIfClosure(Object(Closure))
#16 C:\\Users\\joelr\\ProjectBali_V2\\project_bali_app\\vendor\\laravel\\framework\\src\\Illuminate\\Container\\BoundMethod.php(37): Illuminate\\Container\\BoundMethod::callBoundMethod(Object(Illuminate\\Foundation\\Application), Array, Object(Closure))
#17 C:\\Users\\joelr\\ProjectBali_V2\\project_bali_app\\vendor\\laravel\\framework\\src\\Illuminate\\Container\\Container.php(610): Illuminate\\Container\\BoundMethod::call(Object(Illuminate\\Foundation\\Application), Array, Array, NULL)
#18 C:\\Users\\joelr\\ProjectBali_V2\\project_bali_app\\vendor\\laravel\\framework\\src\\Illuminate\\Foundation\\Application.php(869): Illuminate\\Container\\Container->call(Array)
#19 C:\\Users\\joelr\\ProjectBali_V2\\project_bali_app\\vendor\\laravel\\framework\\src\\Illuminate\\Foundation\\Application.php(850): Illuminate\\Foundation\\Application->bootProvider(Object(Facade\\Ignition\\IgnitionServiceProvider))
#20 [internal function]: Illuminate\\Foundation\\Application->Illuminate\\Foundation\\{closure}(Object(Facade\\Ignition\\IgnitionServiceProvider), 14)
#21 C:\\Users\\joelr\\ProjectBali_V2\\project_bali_app\\vendor\\laravel\\framework\\src\\Illuminate\\Foundation\\Application.php(851): array_walk(Array, Object(Closure))
#22 C:\\Users\\joelr\\ProjectBali_V2\\project_bali_app\\vendor\\laravel\\framework\\src\\Illuminate\\Foundation\\Bootstrap\\BootProviders.php(17): Illuminate\\Foundation\\Application->boot()
#23 C:\\Users\\joelr\\ProjectBali_V2\\project_bali_app\\vendor\\laravel\\framework\\src\\Illuminate\\Foundation\\Application.php(230): Illuminate\\Foundation\\Bootstrap\\BootProviders->bootstrap(Object(Illuminate\\Foundation\\Application))
#24 C:\\Users\\joelr\\ProjectBali_V2\\project_bali_app\\vendor\\laravel\\framework\\src\\Illuminate\\Foundation\\Http\\Kernel.php(152): Illuminate\\Foundation\\Application->bootstrapWith(Array)
#25 C:\\Users\\joelr\\ProjectBali_V2\\project_bali_app\\vendor\\laravel\\framework\\src\\Illuminate\\Foundation\\Http\\Kernel.php(136): Illuminate\\Foundation\\Http\\Kernel->bootstrap()
#26 C:\\Users\\joelr\\ProjectBali_V2\\project_bali_app\\vendor\\laravel\\framework\\src\\Illuminate\\Foundation\\Http\\Kernel.php(110): Illuminate\\Foundation\\Http\\Kernel->sendRequestThroughRouter(Object(Illuminate\\Http\\Request))
#27 C:\\Users\\joelr\\ProjectBali_V2\\project_bali_app\\public\\index.php(52): Illuminate\\Foundation\\Http\\Kernel->handle(Object(Illuminate\\Http\\Request))
#28 C:\\Users\\joelr\\ProjectBali_V2\\project_bali_app\\server.php(21): require_once('C:\\\\Users\\\\joelr\\\\...')
#29 {main}
"} 
[2020-12-17 12:38:14] local.ERROR: Please provide a valid cache path. {"exception":"[object] (InvalidArgumentException(code: 0): Please provide a valid cache path. at C:\\Users\\joelr\\ProjectBali_V2\\project_bali_app\\vendor\\laravel\\framework\\src\\Illuminate\\View\\Compilers\\Compiler.php:36)
[stacktrace]
#0 C:\\Users\\joelr\\ProjectBali_V2\\project_bali_app\\vendor\\laravel\\framework\\src\\Illuminate\\View\\ViewServiceProvider.php(88): Illuminate\\View\\Compilers\\Compiler->__construct(Object(Illuminate\\Filesystem\\Filesystem), false)
#1 C:\\Users\\joelr\\ProjectBali_V2\\project_bali_app\\vendor\\laravel\\framework\\src\\Illuminate\\Container\\Container.php(826): Illuminate\\View\\ViewServiceProvider->Illuminate\\View\\{closure}(Object(Illuminate\\Foundation\\Application), Array)
#2 C:\\Users\\joelr\\ProjectBali_V2\\project_bali_app\\vendor\\laravel\\framework\\src\\Illuminate\\Container\\Container.php(712): Illuminate\\Container\\Container->build(Object(Closure))
#3 C:\\Users\\joelr\\ProjectBali_V2\\project_bali_app\\vendor\\laravel\\framework\\src\\Illuminate\\Foundation\\Application.php(796): Illuminate\\Container\\Container->resolve('blade.compiler', Array, true)
#4 C:\\Users\\joelr\\ProjectBali_V2\\project_bali_app\\vendor\\laravel\\framework\\src\\Illuminate\\Container\\Container.php(651): Illuminate\\Foundation\\Application->resolve('blade.compiler', Array)
#5 C:\\Users\\joelr\\ProjectBali_V2\\project_bali_app\\vendor\\laravel\\framework\\src\\Illuminate\\Foundation\\Application.php(781): Illuminate\\Container\\Container->make('blade.compiler', Array)
#6 C:\\Users\\joelr\\ProjectBali_V2\\project_bali_app\\vendor\\laravel\\framework\\src\\Illuminate\\Container\\Container.php(1354): Illuminate\\Foundation\\Application->make('blade.compiler')
#7 C:\\Users\\joelr\\ProjectBali_V2\\project_bali_app\\vendor\\laravel\\framework\\src\\Illuminate\\View\\ViewServiceProvider.php(150): Illuminate\\Container\\Container->offsetGet('blade.compiler')
#8 [internal function]: Illuminate\\View\\ViewServiceProvider->Illuminate\\View\\{closure}()
#9 C:\\Users\\joelr\\ProjectBali_V2\\project_bali_app\\vendor\\laravel\\framework\\src\\Illuminate\\View\\Engines\\EngineResolver.php(55): call_user_func(Object(Closure))
#10 C:\\Users\\joelr\\ProjectBali_V2\\project_bali_app\\vendor\\facade\\ignition\\src\\IgnitionServiceProvider.php(393): Illuminate\\View\\Engines\\EngineResolver->resolve('blade')
#11 C:\\Users\\joelr\\ProjectBali_V2\\project_bali_app\\vendor\\facade\\ignition\\src\\IgnitionServiceProvider.php(125): Facade\\Ignition\\IgnitionServiceProvider->hasCustomViewEnginesRegistered()
#12 C:\\Users\\joelr\\ProjectBali_V2\\project_bali_app\\vendor\\facade\\ignition\\src\\IgnitionServiceProvider.php(84): Facade\\Ignition\\IgnitionServiceProvider->registerViewEngines()
#13 C:\\Users\\joelr\\ProjectBali_V2\\project_bali_app\\vendor\\laravel\\framework\\src\\Illuminate\\Container\\BoundMethod.php(36): Facade\\Ignition\\IgnitionServiceProvider->boot()
#14 C:\\Users\\joelr\\ProjectBali_V2\\project_bali_app\\vendor\\laravel\\framework\\src\\Illuminate\\Container\\Util.php(40): Illuminate\\Container\\BoundMethod::Illuminate\\Container\\{closure}()
#15 C:\\Users\\joelr\\ProjectBali_V2\\project_bali_app\\vendor\\laravel\\framework\\src\\Illuminate\\Container\\BoundMethod.php(93): Illuminate\\Container\\Util::unwrapIfClosure(Object(Closure))
#16 C:\\Users\\joelr\\ProjectBali_V2\\project_bali_app\\vendor\\laravel\\framework\\src\\Illuminate\\Container\\BoundMethod.php(37): Illuminate\\Container\\BoundMethod::callBoundMethod(Object(Illuminate\\Foundation\\Application), Array, Object(Closure))
#17 C:\\Users\\joelr\\ProjectBali_V2\\project_bali_app\\vendor\\laravel\\framework\\src\\Illuminate\\Container\\Container.php(610): Illuminate\\Container\\BoundMethod::call(Object(Illuminate\\Foundation\\Application), Array, Array, NULL)
#18 C:\\Users\\joelr\\ProjectBali_V2\\project_bali_app\\vendor\\laravel\\framework\\src\\Illuminate\\Foundation\\Application.php(869): Illuminate\\Container\\Container->call(Array)
#19 C:\\Users\\joelr\\ProjectBali_V2\\project_bali_app\\vendor\\laravel\\framework\\src\\Illuminate\\Foundation\\Application.php(850): Illuminate\\Foundation\\Application->bootProvider(Object(Facade\\Ignition\\IgnitionServiceProvider))
#20 [internal function]: Illuminate\\Foundation\\Application->Illuminate\\Foundation\\{closure}(Object(Facade\\Ignition\\IgnitionServiceProvider), 14)
#21 C:\\Users\\joelr\\ProjectBali_V2\\project_bali_app\\vendor\\laravel\\framework\\src\\Illuminate\\Foundation\\Application.php(851): array_walk(Array, Object(Closure))
#22 C:\\Users\\joelr\\ProjectBali_V2\\project_bali_app\\vendor\\laravel\\framework\\src\\Illuminate\\Foundation\\Bootstrap\\BootProviders.php(17): Illuminate\\Foundation\\Application->boot()
#23 C:\\Users\\joelr\\ProjectBali_V2\\project_bali_app\\vendor\\laravel\\framework\\src\\Illuminate\\Foundation\\Application.php(230): Illuminate\\Foundation\\Bootstrap\\BootProviders->bootstrap(Object(Illuminate\\Foundation\\Application))
#24 C:\\Users\\joelr\\ProjectBali_V2\\project_bali_app\\vendor\\laravel\\framework\\src\\Illuminate\\Foundation\\Http\\Kernel.php(152): Illuminate\\Foundation\\Application->bootstrapWith(Array)
#25 C:\\Users\\joelr\\ProjectBali_V2\\project_bali_app\\vendor\\laravel\\framework\\src\\Illuminate\\Foundation\\Http\\Kernel.php(136): Illuminate\\Foundation\\Http\\Kernel->bootstrap()
#26 C:\\Users\\joelr\\ProjectBali_V2\\project_bali_app\\vendor\\laravel\\framework\\src\\Illuminate\\Foundation\\Http\\Kernel.php(110): Illuminate\\Foundation\\Http\\Kernel->sendRequestThroughRouter(Object(Illuminate\\Http\\Request))
#27 C:\\Users\\joelr\\ProjectBali_V2\\project_bali_app\\public\\index.php(52): Illuminate\\Foundation\\Http\\Kernel->handle(Object(Illuminate\\Http\\Request))
#28 C:\\Users\\joelr\\ProjectBali_V2\\project_bali_app\\server.php(21): require_once('C:\\\\Users\\\\joelr\\\\...')
#29 {main}
"} 
[2020-12-17 12:38:21] local.ERROR: Please provide a valid cache path. {"exception":"[object] (InvalidArgumentException(code: 0): Please provide a valid cache path. at C:\\Users\\joelr\\ProjectBali_V2\\project_bali_app\\vendor\\laravel\\framework\\src\\Illuminate\\View\\Compilers\\Compiler.php:36)
[stacktrace]
#0 C:\\Users\\joelr\\ProjectBali_V2\\project_bali_app\\vendor\\laravel\\framework\\src\\Illuminate\\View\\ViewServiceProvider.php(88): Illuminate\\View\\Compilers\\Compiler->__construct(Object(Illuminate\\Filesystem\\Filesystem), false)
#1 C:\\Users\\joelr\\ProjectBali_V2\\project_bali_app\\vendor\\laravel\\framework\\src\\Illuminate\\Container\\Container.php(826): Illuminate\\View\\ViewServiceProvider->Illuminate\\View\\{closure}(Object(Illuminate\\Foundation\\Application), Array)
#2 C:\\Users\\joelr\\ProjectBali_V2\\project_bali_app\\vendor\\laravel\\framework\\src\\Illuminate\\Container\\Container.php(712): Illuminate\\Container\\Container->build(Object(Closure))
#3 C:\\Users\\joelr\\ProjectBali_V2\\project_bali_app\\vendor\\laravel\\framework\\src\\Illuminate\\Foundation\\Application.php(796): Illuminate\\Container\\Container->resolve('blade.compiler', Array, true)
#4 C:\\Users\\joelr\\ProjectBali_V2\\project_bali_app\\vendor\\laravel\\framework\\src\\Illuminate\\Container\\Container.php(651): Illuminate\\Foundation\\Application->resolve('blade.compiler', Array)
#5 C:\\Users\\joelr\\ProjectBali_V2\\project_bali_app\\vendor\\laravel\\framework\\src\\Illuminate\\Foundation\\Application.php(781): Illuminate\\Container\\Container->make('blade.compiler', Array)
#6 C:\\Users\\joelr\\ProjectBali_V2\\project_bali_app\\vendor\\laravel\\framework\\src\\Illuminate\\Container\\Container.php(1354): Illuminate\\Foundation\\Application->make('blade.compiler')
#7 C:\\Users\\joelr\\ProjectBali_V2\\project_bali_app\\vendor\\laravel\\framework\\src\\Illuminate\\View\\ViewServiceProvider.php(150): Illuminate\\Container\\Container->offsetGet('blade.compiler')
#8 [internal function]: Illuminate\\View\\ViewServiceProvider->Illuminate\\View\\{closure}()
#9 C:\\Users\\joelr\\ProjectBali_V2\\project_bali_app\\vendor\\laravel\\framework\\src\\Illuminate\\View\\Engines\\EngineResolver.php(55): call_user_func(Object(Closure))
#10 C:\\Users\\joelr\\ProjectBali_V2\\project_bali_app\\vendor\\facade\\ignition\\src\\IgnitionServiceProvider.php(393): Illuminate\\View\\Engines\\EngineResolver->resolve('blade')
#11 C:\\Users\\joelr\\ProjectBali_V2\\project_bali_app\\vendor\\facade\\ignition\\src\\IgnitionServiceProvider.php(125): Facade\\Ignition\\IgnitionServiceProvider->hasCustomViewEnginesRegistered()
#12 C:\\Users\\joelr\\ProjectBali_V2\\project_bali_app\\vendor\\facade\\ignition\\src\\IgnitionServiceProvider.php(84): Facade\\Ignition\\IgnitionServiceProvider->registerViewEngines()
#13 C:\\Users\\joelr\\ProjectBali_V2\\project_bali_app\\vendor\\laravel\\framework\\src\\Illuminate\\Container\\BoundMethod.php(36): Facade\\Ignition\\IgnitionServiceProvider->boot()
#14 C:\\Users\\joelr\\ProjectBali_V2\\project_bali_app\\vendor\\laravel\\framework\\src\\Illuminate\\Container\\Util.php(40): Illuminate\\Container\\BoundMethod::Illuminate\\Container\\{closure}()
#15 C:\\Users\\joelr\\ProjectBali_V2\\project_bali_app\\vendor\\laravel\\framework\\src\\Illuminate\\Container\\BoundMethod.php(93): Illuminate\\Container\\Util::unwrapIfClosure(Object(Closure))
#16 C:\\Users\\joelr\\ProjectBali_V2\\project_bali_app\\vendor\\laravel\\framework\\src\\Illuminate\\Container\\BoundMethod.php(37): Illuminate\\Container\\BoundMethod::callBoundMethod(Object(Illuminate\\Foundation\\Application), Array, Object(Closure))
#17 C:\\Users\\joelr\\ProjectBali_V2\\project_bali_app\\vendor\\laravel\\framework\\src\\Illuminate\\Container\\Container.php(610): Illuminate\\Container\\BoundMethod::call(Object(Illuminate\\Foundation\\Application), Array, Array, NULL)
#18 C:\\Users\\joelr\\ProjectBali_V2\\project_bali_app\\vendor\\laravel\\framework\\src\\Illuminate\\Foundation\\Application.php(869): Illuminate\\Container\\Container->call(Array)
#19 C:\\Users\\joelr\\ProjectBali_V2\\project_bali_app\\vendor\\laravel\\framework\\src\\Illuminate\\Foundation\\Application.php(850): Illuminate\\Foundation\\Application->bootProvider(Object(Facade\\Ignition\\IgnitionServiceProvider))
#20 [internal function]: Illuminate\\Foundation\\Application->Illuminate\\Foundation\\{closure}(Object(Facade\\Ignition\\IgnitionServiceProvider), 14)
#21 C:\\Users\\joelr\\ProjectBali_V2\\project_bali_app\\vendor\\laravel\\framework\\src\\Illuminate\\Foundation\\Application.php(851): array_walk(Array, Object(Closure))
#22 C:\\Users\\joelr\\ProjectBali_V2\\project_bali_app\\vendor\\laravel\\framework\\src\\Illuminate\\Foundation\\Bootstrap\\BootProviders.php(17): Illuminate\\Foundation\\Application->boot()
#23 C:\\Users\\joelr\\ProjectBali_V2\\project_bali_app\\vendor\\laravel\\framework\\src\\Illuminate\\Foundation\\Application.php(230): Illuminate\\Foundation\\Bootstrap\\BootProviders->bootstrap(Object(Illuminate\\Foundation\\Application))
#24 C:\\Users\\joelr\\ProjectBali_V2\\project_bali_app\\vendor\\laravel\\framework\\src\\Illuminate\\Foundation\\Http\\Kernel.php(152): Illuminate\\Foundation\\Application->bootstrapWith(Array)
#25 C:\\Users\\joelr\\ProjectBali_V2\\project_bali_app\\vendor\\laravel\\framework\\src\\Illuminate\\Foundation\\Http\\Kernel.php(136): Illuminate\\Foundation\\Http\\Kernel->bootstrap()
#26 C:\\Users\\joelr\\ProjectBali_V2\\project_bali_app\\vendor\\laravel\\framework\\src\\Illuminate\\Foundation\\Http\\Kernel.php(110): Illuminate\\Foundation\\Http\\Kernel->sendRequestThroughRouter(Object(Illuminate\\Http\\Request))
#27 C:\\Users\\joelr\\ProjectBali_V2\\project_bali_app\\public\\index.php(52): Illuminate\\Foundation\\Http\\Kernel->handle(Object(Illuminate\\Http\\Request))
#28 C:\\Users\\joelr\\ProjectBali_V2\\project_bali_app\\server.php(21): require_once('C:\\\\Users\\\\joelr\\\\...')
#29 {main}
"} 
[2020-12-17 12:38:24] local.ERROR: Please provide a valid cache path. {"exception":"[object] (InvalidArgumentException(code: 0): Please provide a valid cache path. at C:\\Users\\joelr\\ProjectBali_V2\\project_bali_app\\vendor\\laravel\\framework\\src\\Illuminate\\View\\Compilers\\Compiler.php:36)
[stacktrace]
#0 C:\\Users\\joelr\\ProjectBali_V2\\project_bali_app\\vendor\\laravel\\framework\\src\\Illuminate\\View\\ViewServiceProvider.php(88): Illuminate\\View\\Compilers\\Compiler->__construct(Object(Illuminate\\Filesystem\\Filesystem), false)
#1 C:\\Users\\joelr\\ProjectBali_V2\\project_bali_app\\vendor\\laravel\\framework\\src\\Illuminate\\Container\\Container.php(826): Illuminate\\View\\ViewServiceProvider->Illuminate\\View\\{closure}(Object(Illuminate\\Foundation\\Application), Array)
#2 C:\\Users\\joelr\\ProjectBali_V2\\project_bali_app\\vendor\\laravel\\framework\\src\\Illuminate\\Container\\Container.php(712): Illuminate\\Container\\Container->build(Object(Closure))
#3 C:\\Users\\joelr\\ProjectBali_V2\\project_bali_app\\vendor\\laravel\\framework\\src\\Illuminate\\Foundation\\Application.php(796): Illuminate\\Container\\Container->resolve('blade.compiler', Array, true)
#4 C:\\Users\\joelr\\ProjectBali_V2\\project_bali_app\\vendor\\laravel\\framework\\src\\Illuminate\\Container\\Container.php(651): Illuminate\\Foundation\\Application->resolve('blade.compiler', Array)
#5 C:\\Users\\joelr\\ProjectBali_V2\\project_bali_app\\vendor\\laravel\\framework\\src\\Illuminate\\Foundation\\Application.php(781): Illuminate\\Container\\Container->make('blade.compiler', Array)
#6 C:\\Users\\joelr\\ProjectBali_V2\\project_bali_app\\vendor\\laravel\\framework\\src\\Illuminate\\Container\\Container.php(1354): Illuminate\\Foundation\\Application->make('blade.compiler')
#7 C:\\Users\\joelr\\ProjectBali_V2\\project_bali_app\\vendor\\laravel\\framework\\src\\Illuminate\\View\\ViewServiceProvider.php(150): Illuminate\\Container\\Container->offsetGet('blade.compiler')
#8 [internal function]: Illuminate\\View\\ViewServiceProvider->Illuminate\\View\\{closure}()
#9 C:\\Users\\joelr\\ProjectBali_V2\\project_bali_app\\vendor\\laravel\\framework\\src\\Illuminate\\View\\Engines\\EngineResolver.php(55): call_user_func(Object(Closure))
#10 C:\\Users\\joelr\\ProjectBali_V2\\project_bali_app\\vendor\\facade\\ignition\\src\\IgnitionServiceProvider.php(393): Illuminate\\View\\Engines\\EngineResolver->resolve('blade')
#11 C:\\Users\\joelr\\ProjectBali_V2\\project_bali_app\\vendor\\facade\\ignition\\src\\IgnitionServiceProvider.php(125): Facade\\Ignition\\IgnitionServiceProvider->hasCustomViewEnginesRegistered()
#12 C:\\Users\\joelr\\ProjectBali_V2\\project_bali_app\\vendor\\facade\\ignition\\src\\IgnitionServiceProvider.php(84): Facade\\Ignition\\IgnitionServiceProvider->registerViewEngines()
#13 C:\\Users\\joelr\\ProjectBali_V2\\project_bali_app\\vendor\\laravel\\framework\\src\\Illuminate\\Container\\BoundMethod.php(36): Facade\\Ignition\\IgnitionServiceProvider->boot()
#14 C:\\Users\\joelr\\ProjectBali_V2\\project_bali_app\\vendor\\laravel\\framework\\src\\Illuminate\\Container\\Util.php(40): Illuminate\\Container\\BoundMethod::Illuminate\\Container\\{closure}()
#15 C:\\Users\\joelr\\ProjectBali_V2\\project_bali_app\\vendor\\laravel\\framework\\src\\Illuminate\\Container\\BoundMethod.php(93): Illuminate\\Container\\Util::unwrapIfClosure(Object(Closure))
#16 C:\\Users\\joelr\\ProjectBali_V2\\project_bali_app\\vendor\\laravel\\framework\\src\\Illuminate\\Container\\BoundMethod.php(37): Illuminate\\Container\\BoundMethod::callBoundMethod(Object(Illuminate\\Foundation\\Application), Array, Object(Closure))
#17 C:\\Users\\joelr\\ProjectBali_V2\\project_bali_app\\vendor\\laravel\\framework\\src\\Illuminate\\Container\\Container.php(610): Illuminate\\Container\\BoundMethod::call(Object(Illuminate\\Foundation\\Application), Array, Array, NULL)
#18 C:\\Users\\joelr\\ProjectBali_V2\\project_bali_app\\vendor\\laravel\\framework\\src\\Illuminate\\Foundation\\Application.php(869): Illuminate\\Container\\Container->call(Array)
#19 C:\\Users\\joelr\\ProjectBali_V2\\project_bali_app\\vendor\\laravel\\framework\\src\\Illuminate\\Foundation\\Application.php(850): Illuminate\\Foundation\\Application->bootProvider(Object(Facade\\Ignition\\IgnitionServiceProvider))
#20 [internal function]: Illuminate\\Foundation\\Application->Illuminate\\Foundation\\{closure}(Object(Facade\\Ignition\\IgnitionServiceProvider), 14)
#21 C:\\Users\\joelr\\ProjectBali_V2\\project_bali_app\\vendor\\laravel\\framework\\src\\Illuminate\\Foundation\\Application.php(851): array_walk(Array, Object(Closure))
#22 C:\\Users\\joelr\\ProjectBali_V2\\project_bali_app\\vendor\\laravel\\framework\\src\\Illuminate\\Foundation\\Bootstrap\\BootProviders.php(17): Illuminate\\Foundation\\Application->boot()
#23 C:\\Users\\joelr\\ProjectBali_V2\\project_bali_app\\vendor\\laravel\\framework\\src\\Illuminate\\Foundation\\Application.php(230): Illuminate\\Foundation\\Bootstrap\\BootProviders->bootstrap(Object(Illuminate\\Foundation\\Application))
#24 C:\\Users\\joelr\\ProjectBali_V2\\project_bali_app\\vendor\\laravel\\framework\\src\\Illuminate\\Foundation\\Http\\Kernel.php(152): Illuminate\\Foundation\\Application->bootstrapWith(Array)
#25 C:\\Users\\joelr\\ProjectBali_V2\\project_bali_app\\vendor\\laravel\\framework\\src\\Illuminate\\Foundation\\Http\\Kernel.php(136): Illuminate\\Foundation\\Http\\Kernel->bootstrap()
#26 C:\\Users\\joelr\\ProjectBali_V2\\project_bali_app\\vendor\\laravel\\framework\\src\\Illuminate\\Foundation\\Http\\Kernel.php(110): Illuminate\\Foundation\\Http\\Kernel->sendRequestThroughRouter(Object(Illuminate\\Http\\Request))
#27 C:\\Users\\joelr\\ProjectBali_V2\\project_bali_app\\public\\index.php(52): Illuminate\\Foundation\\Http\\Kernel->handle(Object(Illuminate\\Http\\Request))
#28 C:\\Users\\joelr\\ProjectBali_V2\\project_bali_app\\server.php(21): require_once('C:\\\\Users\\\\joelr\\\\...')
#29 {main}
"} 
[2020-12-17 12:41:33] local.ERROR: Please provide a valid cache path. {"exception":"[object] (InvalidArgumentException(code: 0): Please provide a valid cache path. at C:\\Users\\joelr\\ProjectBali_V2\\project_bali_app\\vendor\\laravel\\framework\\src\\Illuminate\\View\\Compilers\\Compiler.php:36)
[stacktrace]
#0 C:\\Users\\joelr\\ProjectBali_V2\\project_bali_app\\vendor\\laravel\\framework\\src\\Illuminate\\View\\ViewServiceProvider.php(88): Illuminate\\View\\Compilers\\Compiler->__construct(Object(Illuminate\\Filesystem\\Filesystem), false)
#1 C:\\Users\\joelr\\ProjectBali_V2\\project_bali_app\\vendor\\laravel\\framework\\src\\Illuminate\\Container\\Container.php(826): Illuminate\\View\\ViewServiceProvider->Illuminate\\View\\{closure}(Object(Illuminate\\Foundation\\Application), Array)
#2 C:\\Users\\joelr\\ProjectBali_V2\\project_bali_app\\vendor\\laravel\\framework\\src\\Illuminate\\Container\\Container.php(712): Illuminate\\Container\\Container->build(Object(Closure))
#3 C:\\Users\\joelr\\ProjectBali_V2\\project_bali_app\\vendor\\laravel\\framework\\src\\Illuminate\\Foundation\\Application.php(796): Illuminate\\Container\\Container->resolve('blade.compiler', Array, true)
#4 C:\\Users\\joelr\\ProjectBali_V2\\project_bali_app\\vendor\\laravel\\framework\\src\\Illuminate\\Container\\Container.php(651): Illuminate\\Foundation\\Application->resolve('blade.compiler', Array)
#5 C:\\Users\\joelr\\ProjectBali_V2\\project_bali_app\\vendor\\laravel\\framework\\src\\Illuminate\\Foundation\\Application.php(781): Illuminate\\Container\\Container->make('blade.compiler', Array)
#6 C:\\Users\\joelr\\ProjectBali_V2\\project_bali_app\\vendor\\laravel\\framework\\src\\Illuminate\\Container\\Container.php(1354): Illuminate\\Foundation\\Application->make('blade.compiler')
#7 C:\\Users\\joelr\\ProjectBali_V2\\project_bali_app\\vendor\\laravel\\framework\\src\\Illuminate\\View\\ViewServiceProvider.php(150): Illuminate\\Container\\Container->offsetGet('blade.compiler')
#8 [internal function]: Illuminate\\View\\ViewServiceProvider->Illuminate\\View\\{closure}()
#9 C:\\Users\\joelr\\ProjectBali_V2\\project_bali_app\\vendor\\laravel\\framework\\src\\Illuminate\\View\\Engines\\EngineResolver.php(55): call_user_func(Object(Closure))
#10 C:\\Users\\joelr\\ProjectBali_V2\\project_bali_app\\vendor\\facade\\ignition\\src\\IgnitionServiceProvider.php(393): Illuminate\\View\\Engines\\EngineResolver->resolve('blade')
#11 C:\\Users\\joelr\\ProjectBali_V2\\project_bali_app\\vendor\\facade\\ignition\\src\\IgnitionServiceProvider.php(125): Facade\\Ignition\\IgnitionServiceProvider->hasCustomViewEnginesRegistered()
#12 C:\\Users\\joelr\\ProjectBali_V2\\project_bali_app\\vendor\\facade\\ignition\\src\\IgnitionServiceProvider.php(84): Facade\\Ignition\\IgnitionServiceProvider->registerViewEngines()
#13 C:\\Users\\joelr\\ProjectBali_V2\\project_bali_app\\vendor\\laravel\\framework\\src\\Illuminate\\Container\\BoundMethod.php(36): Facade\\Ignition\\IgnitionServiceProvider->boot()
#14 C:\\Users\\joelr\\ProjectBali_V2\\project_bali_app\\vendor\\laravel\\framework\\src\\Illuminate\\Container\\Util.php(40): Illuminate\\Container\\BoundMethod::Illuminate\\Container\\{closure}()
#15 C:\\Users\\joelr\\ProjectBali_V2\\project_bali_app\\vendor\\laravel\\framework\\src\\Illuminate\\Container\\BoundMethod.php(93): Illuminate\\Container\\Util::unwrapIfClosure(Object(Closure))
#16 C:\\Users\\joelr\\ProjectBali_V2\\project_bali_app\\vendor\\laravel\\framework\\src\\Illuminate\\Container\\BoundMethod.php(37): Illuminate\\Container\\BoundMethod::callBoundMethod(Object(Illuminate\\Foundation\\Application), Array, Object(Closure))
#17 C:\\Users\\joelr\\ProjectBali_V2\\project_bali_app\\vendor\\laravel\\framework\\src\\Illuminate\\Container\\Container.php(610): Illuminate\\Container\\BoundMethod::call(Object(Illuminate\\Foundation\\Application), Array, Array, NULL)
#18 C:\\Users\\joelr\\ProjectBali_V2\\project_bali_app\\vendor\\laravel\\framework\\src\\Illuminate\\Foundation\\Application.php(869): Illuminate\\Container\\Container->call(Array)
#19 C:\\Users\\joelr\\ProjectBali_V2\\project_bali_app\\vendor\\laravel\\framework\\src\\Illuminate\\Foundation\\Application.php(850): Illuminate\\Foundation\\Application->bootProvider(Object(Facade\\Ignition\\IgnitionServiceProvider))
#20 [internal function]: Illuminate\\Foundation\\Application->Illuminate\\Foundation\\{closure}(Object(Facade\\Ignition\\IgnitionServiceProvider), 14)
#21 C:\\Users\\joelr\\ProjectBali_V2\\project_bali_app\\vendor\\laravel\\framework\\src\\Illuminate\\Foundation\\Application.php(851): array_walk(Array, Object(Closure))
#22 C:\\Users\\joelr\\ProjectBali_V2\\project_bali_app\\vendor\\laravel\\framework\\src\\Illuminate\\Foundation\\Bootstrap\\BootProviders.php(17): Illuminate\\Foundation\\Application->boot()
#23 C:\\Users\\joelr\\ProjectBali_V2\\project_bali_app\\vendor\\laravel\\framework\\src\\Illuminate\\Foundation\\Application.php(230): Illuminate\\Foundation\\Bootstrap\\BootProviders->bootstrap(Object(Illuminate\\Foundation\\Application))
#24 C:\\Users\\joelr\\ProjectBali_V2\\project_bali_app\\vendor\\laravel\\framework\\src\\Illuminate\\Foundation\\Console\\Kernel.php(310): Illuminate\\Foundation\\Application->bootstrapWith(Array)
#25 C:\\Users\\joelr\\ProjectBali_V2\\project_bali_app\\vendor\\laravel\\framework\\src\\Illuminate\\Foundation\\Console\\Kernel.php(127): Illuminate\\Foundation\\Console\\Kernel->bootstrap()
#26 C:\\Users\\joelr\\ProjectBali_V2\\project_bali_app\\artisan(37): Illuminate\\Foundation\\Console\\Kernel->handle(Object(Symfony\\Component\\Console\\Input\\ArgvInput), Object(Symfony\\Component\\Console\\Output\\ConsoleOutput))
#27 {main}
"} 
[2020-12-17 12:44:06] local.ERROR: file_put_contents(C:\Users\joelr\ProjectBali_V2\project_bali_app\storage\framework/sessions/EriQpxjilGN4XiEHWE5GGdZbwG01xeR6DwA06S9n): failed to open stream: No such file or directory {"exception":"[object] (ErrorException(code: 0): file_put_contents(C:\\Users\\joelr\\ProjectBali_V2\\project_bali_app\\storage\\framework/sessions/EriQpxjilGN4XiEHWE5GGdZbwG01xeR6DwA06S9n): failed to open stream: No such file or directory at C:\\Users\\joelr\\ProjectBali_V2\\project_bali_app\\vendor\\laravel\\framework\\src\\Illuminate\\Filesystem\\Filesystem.php:185)
[stacktrace]
#0 [internal function]: Illuminate\\Foundation\\Bootstrap\\HandleExceptions->handleError(2, 'file_put_conten...', 'C:\\\\Users\\\\joelr\\\\...', 185, Array)
#1 C:\\Users\\joelr\\ProjectBali_V2\\project_bali_app\\vendor\\laravel\\framework\\src\\Illuminate\\Filesystem\\Filesystem.php(185): file_put_contents('C:\\\\Users\\\\joelr\\\\...', 'a:3:{s:6:\"_toke...', 2)
#2 C:\\Users\\joelr\\ProjectBali_V2\\project_bali_app\\vendor\\laravel\\framework\\src\\Illuminate\\Session\\FileSessionHandler.php(83): Illuminate\\Filesystem\\Filesystem->put('C:\\\\Users\\\\joelr\\\\...', 'a:3:{s:6:\"_toke...', true)
#3 C:\\Users\\joelr\\ProjectBali_V2\\project_bali_app\\vendor\\laravel\\framework\\src\\Illuminate\\Session\\Store.php(129): Illuminate\\Session\\FileSessionHandler->write('EriQpxjilGN4XiE...', 'a:3:{s:6:\"_toke...')
#4 C:\\Users\\joelr\\ProjectBali_V2\\project_bali_app\\vendor\\laravel\\framework\\src\\Illuminate\\Session\\Middleware\\StartSession.php(236): Illuminate\\Session\\Store->save()
#5 C:\\Users\\joelr\\ProjectBali_V2\\project_bali_app\\vendor\\laravel\\framework\\src\\Illuminate\\Session\\Middleware\\StartSession.php(130): Illuminate\\Session\\Middleware\\StartSession->saveSession(Object(Illuminate\\Http\\Request))
#6 C:\\Users\\joelr\\ProjectBali_V2\\project_bali_app\\vendor\\laravel\\framework\\src\\Illuminate\\Session\\Middleware\\StartSession.php(63): Illuminate\\Session\\Middleware\\StartSession->handleStatefulRequest(Object(Illuminate\\Http\\Request), Object(Illuminate\\Session\\Store), Object(Closure))
#7 C:\\Users\\joelr\\ProjectBali_V2\\project_bali_app\\vendor\\laravel\\framework\\src\\Illuminate\\Pipeline\\Pipeline.php(167): Illuminate\\Session\\Middleware\\StartSession->handle(Object(Illuminate\\Http\\Request), Object(Closure))
#8 C:\\Users\\joelr\\ProjectBali_V2\\project_bali_app\\vendor\\laravel\\framework\\src\\Illuminate\\Cookie\\Middleware\\AddQueuedCookiesToResponse.php(37): Illuminate\\Pipeline\\Pipeline->Illuminate\\Pipeline\\{closure}(Object(Illuminate\\Http\\Request))
#9 C:\\Users\\joelr\\ProjectBali_V2\\project_bali_app\\vendor\\laravel\\framework\\src\\Illuminate\\Pipeline\\Pipeline.php(167): Illuminate\\Cookie\\Middleware\\AddQueuedCookiesToResponse->handle(Object(Illuminate\\Http\\Request), Object(Closure))
#10 C:\\Users\\joelr\\ProjectBali_V2\\project_bali_app\\vendor\\laravel\\framework\\src\\Illuminate\\Cookie\\Middleware\\EncryptCookies.php(67): Illuminate\\Pipeline\\Pipeline->Illuminate\\Pipeline\\{closure}(Object(Illuminate\\Http\\Request))
#11 C:\\Users\\joelr\\ProjectBali_V2\\project_bali_app\\vendor\\laravel\\framework\\src\\Illuminate\\Pipeline\\Pipeline.php(167): Illuminate\\Cookie\\Middleware\\EncryptCookies->handle(Object(Illuminate\\Http\\Request), Object(Closure))
#12 C:\\Users\\joelr\\ProjectBali_V2\\project_bali_app\\vendor\\laravel\\framework\\src\\Illuminate\\Pipeline\\Pipeline.php(103): Illuminate\\Pipeline\\Pipeline->Illuminate\\Pipeline\\{closure}(Object(Illuminate\\Http\\Request))
#13 C:\\Users\\joelr\\ProjectBali_V2\\project_bali_app\\vendor\\laravel\\framework\\src\\Illuminate\\Routing\\Router.php(694): Illuminate\\Pipeline\\Pipeline->then(Object(Closure))
#14 C:\\Users\\joelr\\ProjectBali_V2\\project_bali_app\\vendor\\laravel\\framework\\src\\Illuminate\\Routing\\Router.php(669): Illuminate\\Routing\\Router->runRouteWithinStack(Object(Illuminate\\Routing\\Route), Object(Illuminate\\Http\\Request))
#15 C:\\Users\\joelr\\ProjectBali_V2\\project_bali_app\\vendor\\laravel\\framework\\src\\Illuminate\\Routing\\Router.php(635): Illuminate\\Routing\\Router->runRoute(Object(Illuminate\\Http\\Request), Object(Illuminate\\Routing\\Route))
#16 C:\\Users\\joelr\\ProjectBali_V2\\project_bali_app\\vendor\\laravel\\framework\\src\\Illuminate\\Routing\\Router.php(624): Illuminate\\Routing\\Router->dispatchToRoute(Object(Illuminate\\Http\\Request))
#17 C:\\Users\\joelr\\ProjectBali_V2\\project_bali_app\\vendor\\laravel\\framework\\src\\Illuminate\\Foundation\\Http\\Kernel.php(166): Illuminate\\Routing\\Router->dispatch(Object(Illuminate\\Http\\Request))
#18 C:\\Users\\joelr\\ProjectBali_V2\\project_bali_app\\vendor\\laravel\\framework\\src\\Illuminate\\Pipeline\\Pipeline.php(128): Illuminate\\Foundation\\Http\\Kernel->Illuminate\\Foundation\\Http\\{closure}(Object(Illuminate\\Http\\Request))
#19 C:\\Users\\joelr\\ProjectBali_V2\\project_bali_app\\vendor\\laravel\\framework\\src\\Illuminate\\Foundation\\Http\\Middleware\\TransformsRequest.php(21): Illuminate\\Pipeline\\Pipeline->Illuminate\\Pipeline\\{closure}(Object(Illuminate\\Http\\Request))
#20 C:\\Users\\joelr\\ProjectBali_V2\\project_bali_app\\vendor\\laravel\\framework\\src\\Illuminate\\Pipeline\\Pipeline.php(167): Illuminate\\Foundation\\Http\\Middleware\\TransformsRequest->handle(Object(Illuminate\\Http\\Request), Object(Closure))
#21 C:\\Users\\joelr\\ProjectBali_V2\\project_bali_app\\vendor\\laravel\\framework\\src\\Illuminate\\Foundation\\Http\\Middleware\\TransformsRequest.php(21): Illuminate\\Pipeline\\Pipeline->Illuminate\\Pipeline\\{closure}(Object(Illuminate\\Http\\Request))
#22 C:\\Users\\joelr\\ProjectBali_V2\\project_bali_app\\vendor\\laravel\\framework\\src\\Illuminate\\Pipeline\\Pipeline.php(167): Illuminate\\Foundation\\Http\\Middleware\\TransformsRequest->handle(Object(Illuminate\\Http\\Request), Object(Closure))
#23 C:\\Users\\joelr\\ProjectBali_V2\\project_bali_app\\vendor\\laravel\\framework\\src\\Illuminate\\Foundation\\Http\\Middleware\\ValidatePostSize.php(27): Illuminate\\Pipeline\\Pipeline->Illuminate\\Pipeline\\{closure}(Object(Illuminate\\Http\\Request))
#24 C:\\Users\\joelr\\ProjectBali_V2\\project_bali_app\\vendor\\laravel\\framework\\src\\Illuminate\\Pipeline\\Pipeline.php(167): Illuminate\\Foundation\\Http\\Middleware\\ValidatePostSize->handle(Object(Illuminate\\Http\\Request), Object(Closure))
#25 C:\\Users\\joelr\\ProjectBali_V2\\project_bali_app\\vendor\\laravel\\framework\\src\\Illuminate\\Foundation\\Http\\Middleware\\PreventRequestsDuringMaintenance.php(87): Illuminate\\Pipeline\\Pipeline->Illuminate\\Pipeline\\{closure}(Object(Illuminate\\Http\\Request))
#26 C:\\Users\\joelr\\ProjectBali_V2\\project_bali_app\\vendor\\laravel\\framework\\src\\Illuminate\\Pipeline\\Pipeline.php(167): Illuminate\\Foundation\\Http\\Middleware\\PreventRequestsDuringMaintenance->handle(Object(Illuminate\\Http\\Request), Object(Closure))
#27 C:\\Users\\joelr\\ProjectBali_V2\\project_bali_app\\vendor\\fruitcake\\laravel-cors\\src\\HandleCors.php(37): Illuminate\\Pipeline\\Pipeline->Illuminate\\Pipeline\\{closure}(Object(Illuminate\\Http\\Request))
#28 C:\\Users\\joelr\\ProjectBali_V2\\project_bali_app\\vendor\\laravel\\framework\\src\\Illuminate\\Pipeline\\Pipeline.php(167): Fruitcake\\Cors\\HandleCors->handle(Object(Illuminate\\Http\\Request), Object(Closure))
#29 C:\\Users\\joelr\\ProjectBali_V2\\project_bali_app\\vendor\\fideloper\\proxy\\src\\TrustProxies.php(57): Illuminate\\Pipeline\\Pipeline->Illuminate\\Pipeline\\{closure}(Object(Illuminate\\Http\\Request))
#30 C:\\Users\\joelr\\ProjectBali_V2\\project_bali_app\\vendor\\laravel\\framework\\src\\Illuminate\\Pipeline\\Pipeline.php(167): Fideloper\\Proxy\\TrustProxies->handle(Object(Illuminate\\Http\\Request), Object(Closure))
#31 C:\\Users\\joelr\\ProjectBali_V2\\project_bali_app\\vendor\\laravel\\framework\\src\\Illuminate\\Pipeline\\Pipeline.php(103): Illuminate\\Pipeline\\Pipeline->Illuminate\\Pipeline\\{closure}(Object(Illuminate\\Http\\Request))
#32 C:\\Users\\joelr\\ProjectBali_V2\\project_bali_app\\vendor\\laravel\\framework\\src\\Illuminate\\Foundation\\Http\\Kernel.php(141): Illuminate\\Pipeline\\Pipeline->then(Object(Closure))
#33 C:\\Users\\joelr\\ProjectBali_V2\\project_bali_app\\vendor\\laravel\\framework\\src\\Illuminate\\Foundation\\Http\\Kernel.php(110): Illuminate\\Foundation\\Http\\Kernel->sendRequestThroughRouter(Object(Illuminate\\Http\\Request))
#34 C:\\Users\\joelr\\ProjectBali_V2\\project_bali_app\\public\\index.php(52): Illuminate\\Foundation\\Http\\Kernel->handle(Object(Illuminate\\Http\\Request))
#35 C:\\Users\\joelr\\ProjectBali_V2\\project_bali_app\\server.php(21): require_once('C:\\\\Users\\\\joelr\\\\...')
#36 {main}
"} 
